__tests__/api/health.test.ts(110,17): error TS2540: Cannot assign to 'NODE_ENV' because it is a read-only property.
__tests__/lib/file-parser.test.ts(17,31): error TS2345: Argument of type 'string' is not assignable to parameter of type 'File'.
__tests__/lib/file-parser.test.ts(19,21): error TS2339: Property 'success' does not exist on type 'Promise<DataRow[]>'.
__tests__/lib/file-parser.test.ts(20,21): error TS2339: Property 'data' does not exist on type 'Promise<DataRow[]>'.
__tests__/lib/file-parser.test.ts(21,21): error TS2339: Property 'data' does not exist on type 'Promise<DataRow[]>'.
__tests__/lib/file-parser.test.ts(30,43): error TS2554: Expected 1 arguments, but got 2.
__tests__/lib/file-parser.test.ts(32,21): error TS2339: Property 'success' does not exist on type 'Promise<DataRow[]>'.
__tests__/lib/file-parser.test.ts(33,21): error TS2339: Property 'data' does not exist on type 'Promise<DataRow[]>'.
__tests__/lib/file-parser.test.ts(37,31): error TS2345: Argument of type 'string' is not assignable to parameter of type 'File'.
__tests__/lib/file-parser.test.ts(39,21): error TS2339: Property 'success' does not exist on type 'Promise<DataRow[]>'.
__tests__/lib/file-parser.test.ts(40,21): error TS2339: Property 'error' does not exist on type 'Promise<DataRow[]>'.
__tests__/lib/file-parser.test.ts(45,31): error TS2345: Argument of type 'string' is not assignable to parameter of type 'File'.
__tests__/lib/file-parser.test.ts(47,21): error TS2339: Property 'success' does not exist on type 'Promise<DataRow[]>'.
__tests__/lib/file-parser.test.ts(48,21): error TS2339: Property 'error' does not exist on type 'Promise<DataRow[]>'.
__tests__/lib/file-parser.test.ts(53,31): error TS2345: Argument of type 'string' is not assignable to parameter of type 'File'.
__tests__/lib/file-parser.test.ts(56,21): error TS2339: Property 'success' does not exist on type 'Promise<DataRow[]>'.
__tests__/lib/file-parser.test.ts(57,21): error TS2339: Property 'data' does not exist on type 'Promise<DataRow[]>'.
__tests__/lib/file-parser.test.ts(62,31): error TS2345: Argument of type 'string' is not assignable to parameter of type 'File'.
__tests__/lib/file-parser.test.ts(64,21): error TS2339: Property 'success' does not exist on type 'Promise<DataRow[]>'.
__tests__/lib/file-parser.test.ts(65,21): error TS2339: Property 'data' does not exist on type 'Promise<DataRow[]>'.
__tests__/lib/file-parser.test.ts(73,31): error TS2345: Argument of type 'string' is not assignable to parameter of type 'File'.
__tests__/lib/file-parser.test.ts(75,21): error TS2339: Property 'success' does not exist on type 'Promise<DataRow[]>'.
__tests__/lib/file-parser.test.ts(76,21): error TS2339: Property 'schema' does not exist on type 'Promise<DataRow[]>'.
__tests__/lib/file-parser.test.ts(77,21): error TS2339: Property 'schema' does not exist on type 'Promise<DataRow[]>'.
__tests__/lib/file-parser.test.ts(79,33): error TS2339: Property 'schema' does not exist on type 'Promise<DataRow[]>'.
__tests__/lib/file-parser.test.ts(79,54): error TS7006: Parameter 'col' implicitly has an 'any' type.
__tests__/lib/file-parser.test.ts(82,32): error TS2339: Property 'schema' does not exist on type 'Promise<DataRow[]>'.
__tests__/lib/file-parser.test.ts(82,53): error TS7006: Parameter 'col' implicitly has an 'any' type.
__tests__/lib/file-parser.test.ts(109,33): error TS2345: Argument of type 'Buffer<ArrayBuffer>' is not assignable to parameter of type 'File'.
  Type 'Buffer<ArrayBuffer>' is missing the following properties from type 'File': lastModified, name, webkitRelativePath, size, and 5 more.
__tests__/lib/file-parser.test.ts(111,21): error TS2339: Property 'success' does not exist on type 'Promise<DataRow[]>'.
__tests__/lib/file-parser.test.ts(112,21): error TS2339: Property 'data' does not exist on type 'Promise<DataRow[]>'.
__tests__/lib/file-parser.test.ts(131,33): error TS2345: Argument of type 'Buffer<ArrayBuffer>' is not assignable to parameter of type 'File'.
  Type 'Buffer<ArrayBuffer>' is missing the following properties from type 'File': lastModified, name, webkitRelativePath, size, and 5 more.
__tests__/lib/file-parser.test.ts(133,21): error TS2339: Property 'success' does not exist on type 'Promise<DataRow[]>'.
__tests__/lib/file-parser.test.ts(149,33): error TS2345: Argument of type 'Buffer<ArrayBuffer>' is not assignable to parameter of type 'File'.
  Type 'Buffer<ArrayBuffer>' is missing the following properties from type 'File': lastModified, name, webkitRelativePath, size, and 5 more.
__tests__/lib/file-parser.test.ts(151,21): error TS2339: Property 'success' does not exist on type 'Promise<DataRow[]>'.
__tests__/lib/file-parser.test.ts(152,21): error TS2339: Property 'error' does not exist on type 'Promise<DataRow[]>'.
__tests__/lib/file-parser.test.ts(161,33): error TS2345: Argument of type 'Buffer<ArrayBuffer>' is not assignable to parameter of type 'File'.
  Type 'Buffer<ArrayBuffer>' is missing the following properties from type 'File': lastModified, name, webkitRelativePath, size, and 5 more.
__tests__/lib/file-parser.test.ts(163,21): error TS2339: Property 'success' does not exist on type 'Promise<DataRow[]>'.
__tests__/lib/file-parser.test.ts(164,21): error TS2339: Property 'error' does not exist on type 'Promise<DataRow[]>'.
__tests__/lib/file-parser.test.ts(176,33): error TS2345: Argument of type 'Buffer<ArrayBuffer>' is not assignable to parameter of type 'File'.
  Type 'Buffer<ArrayBuffer>' is missing the following properties from type 'File': lastModified, name, webkitRelativePath, size, and 5 more.
__tests__/lib/file-parser.test.ts(178,21): error TS2339: Property 'success' does not exist on type 'Promise<DataRow[]>'.
__tests__/lib/file-parser.test.ts(179,21): error TS2339: Property 'error' does not exist on type 'Promise<DataRow[]>'.
__tests__/lib/file-parser.test.ts(199,33): error TS2345: Argument of type 'Buffer<ArrayBuffer>' is not assignable to parameter of type 'File'.
  Type 'Buffer<ArrayBuffer>' is missing the following properties from type 'File': lastModified, name, webkitRelativePath, size, and 5 more.
__tests__/lib/file-parser.test.ts(201,21): error TS2339: Property 'success' does not exist on type 'Promise<DataRow[]>'.
__tests__/lib/file-parser.test.ts(202,21): error TS2339: Property 'schema' does not exist on type 'Promise<DataRow[]>'.
__tests__/lib/file-parser.test.ts(203,21): error TS2339: Property 'schema' does not exist on type 'Promise<DataRow[]>'.
__tests__/lib/file-parser.test.ts(205,33): error TS2339: Property 'schema' does not exist on type 'Promise<DataRow[]>'.
__tests__/lib/file-parser.test.ts(205,54): error TS7006: Parameter 'col' implicitly has an 'any' type.
__tests__/lib/file-parser.test.ts(208,32): error TS2339: Property 'schema' does not exist on type 'Promise<DataRow[]>'.
__tests__/lib/file-parser.test.ts(208,53): error TS7006: Parameter 'col' implicitly has an 'any' type.
__tests__/lib/file-parser.test.ts(211,35): error TS2339: Property 'schema' does not exist on type 'Promise<DataRow[]>'.
__tests__/lib/file-parser.test.ts(211,56): error TS7006: Parameter 'col' implicitly has an 'any' type.
lib/utils/chart-validator.ts(27,18): error TS2339: Property 'type' does not exist on type 'ChartConfig'.
  Property 'type' does not exist on type 'WaterfallChartConfig'.
lib/utils/chart-validator.ts(129,25): error TS2339: Property 'type' does not exist on type 'ChartConfig'.
  Property 'type' does not exist on type 'WaterfallChartConfig'.
lib/utils/chart-validator.ts(214,26): error TS2339: Property 'dataKey' does not exist on type 'ChartConfig'.
  Property 'dataKey' does not exist on type 'WaterfallChartConfig'.
lib/utils/chart-validator.ts(216,42): error TS2339: Property 'dataKey' does not exist on type 'ChartConfig'.
  Property 'dataKey' does not exist on type 'WaterfallChartConfig'.
lib/utils/chart-validator.ts(217,21): error TS2339: Property 'dataKey' does not exist on type 'ChartConfig'.
  Property 'dataKey' does not exist on type 'WaterfallChartConfig'.
lib/utils/chart-validator.ts(218,22): error TS2339: Property 'dataKey' does not exist on type 'ChartConfig'.
  Property 'dataKey' does not exist on type 'WaterfallChartConfig'.
lib/utils/chart-validator.ts(243,23): error TS2339: Property 'type' does not exist on type 'ChartConfig'.
  Property 'type' does not exist on type 'WaterfallChartConfig'.
lib/utils/chart-validator.ts(296,34): error TS2339: Property 'type' does not exist on type 'ChartConfig'.
  Property 'type' does not exist on type 'WaterfallChartConfig'.
lib/utils/chart-validator.ts(530,41): error TS2339: Property 'type' does not exist on type 'ChartConfig'.
  Property 'type' does not exist on type 'WaterfallChartConfig'.
lib/utils/chart-validator.ts(536,64): error TS2339: Property 'type' does not exist on type 'ChartConfig'.
  Property 'type' does not exist on type 'WaterfallChartConfig'.
lib/utils/chart-validator.ts(536,82): error TS2339: Property 'title' does not exist on type 'ChartConfig'.
  Property 'title' does not exist on type 'WaterfallChartConfig'.
lib/utils/chart-validator.ts(540,23): error TS2339: Property 'dataKey' does not exist on type 'ChartConfig'.
  Property 'dataKey' does not exist on type 'WaterfallChartConfig'.
lib/utils/chart-validator.ts(551,45): error TS2339: Property 'type' does not exist on type 'ChartConfig'.
  Property 'type' does not exist on type 'WaterfallChartConfig'.
lib/utils/css-optimization.ts(47,17): error TS2339: Property 'webkitOverflowScrolling' does not exist on type 'CSSStyleDeclaration'.
lib/utils/data-calculations.ts(626,9): error TS2353: Object literal may only specify known properties, and 'steps' does not exist in type '{ calculationType: string; originalRowCount: number; resultRowCount: number; columns: string[]; }'.
lib/utils/data-sampling.ts(68,7): error TS2322: Type 'Record<string, any>[]' is not assignable to type 'T[]'.
  Type 'Record<string, any>' is not assignable to type 'T'.
    'T' could be instantiated with an arbitrary type which could be unrelated to 'Record<string, any>'.
lib/utils/data-sampling.ts(68,34): error TS2345: Argument of type 'T[]' is not assignable to parameter of type 'Record<string, any>[]'.
  Type 'T' is not assignable to type 'Record<string, any>'.
lib/utils/file-parser-enhanced.ts(75,36): error TS2339: Property 'sheets' does not exist on type '{ data: DataRow[]; meta: any; }'.
lib/utils/file-parser-enhanced.ts(82,35): error TS2339: Property 'sheets' does not exist on type '{ data: DataRow[]; meta: any; }'.
lib/utils/file-parser-enhanced.ts(83,33): error TS2339: Property 'sheets' does not exist on type '{ data: DataRow[]; meta: any; }'.
lib/utils/file-parser-enhanced.ts(86,12): error TS2352: Conversion of type '{ data: DataRow[]; meta: any; }' to type 'EnhancedParseResult' may be a mistake because neither type sufficiently overlaps with the other. If this was intentional, convert the expression to 'unknown' first.
  Type '{ data: DataRow[]; meta: any; }' is missing the following properties from type 'EnhancedParseResult': sheets, fileInfo
lib/utils/file-parser-enhanced.ts(162,11): error TS2322: Type 'string | undefined' is not assignable to type 'string'.
  Type 'undefined' is not assignable to type 'string'.
lib/utils/file-parser-enhanced.ts(178,35): error TS2345: Argument of type 'EnhancedParseResult' is not assignable to parameter of type '{ data: DataRow[]; meta: any; }'.
  Type 'EnhancedParseResult' is missing the following properties from type '{ data: DataRow[]; meta: any; }': data, meta
